<?xml version="1.0" encoding="UTF-8"?>
<!-- Generated by org.testng.reporters.JUnitXMLReporter -->
<testsuite ignored="0" hostname="DESKTOP-8KFKMLI" failures="1" tests="4" name="FirefoxTest" time="33.442" errors="0" timestamp="2022-02-11T13:49:49 IST">
  <testcase classname="crossBrowser.CBTSmokeFlow" name="sampleFlow" time="8.914">
    <skipped/>
  </testcase> <!-- sampleFlow -->
  <testcase classname="crossBrowser.CBTSmokeFlow" name="sampleFlow" time="0.022">
    <skipped/>
  </testcase> <!-- sampleFlow -->
  <testcase classname="crossBrowser.CBTSmokeFlow" name="sampleFlow" time="0.014">
    <skipped/>
  </testcase> <!-- sampleFlow -->
  <testcase classname="crossBrowser.CBTSmokeFlow" name="sampleFlow" time="0.014">
    <failure type="java.lang.AssertionError" message="expected [Used Cars for Sale in BC | Canada Drives] but found [Used Cars for Sale in ON | Canada Drives]">
      <![CDATA[java.lang.AssertionError: expected [Used Cars for Sale in BC | Canada Drives] but found [Used Cars for Sale in ON | Canada Drives]
at reusablepackage.ReusableFunction.getPageTitle(ReusableFunction.java:140)
at pageobjectpackage.CanadaDriveObjects.sampleFlow(CanadaDriveObjects.java:108)
at crossBrowser.CBTSmokeFlow.sampleFlow(CBTSmokeFlow.java:24)
at java.base/java.util.ArrayList.forEach(ArrayList.java:1541)
... Removed 33 stack frames]]>
    </failure>
  </testcase> <!-- sampleFlow -->
</testsuite> <!-- FirefoxTest -->
